$ dfu-util -l # in device mode
dfu-util 0.9

Copyright 2005-2009 Weston Schmidt, Harald Welte and OpenMoko Inc.
Copyright 2010-2016 Tormod Volden and Stefan Schmidt
This program is Free Software and has ABSOLUTELY NO WARRANTY
Please report bugs to http://sourceforge.net/p/dfu-util/tickets/

Found Runtime: [1d50:6018] ver=0100, devnum=76, cfg=1, intf=4, path="3-4.2", alt=0, name="Black Magic Firmware Upgrade (STLINK)", serial="C2C89BDB"

$ dfu-util -l # in update mode, acchieved by pushing the reset button of a STM Nucleo board while plugging usb
dfu-util 0.9

Copyright 2005-2009 Weston Schmidt, Harald Welte and OpenMoko Inc.
Copyright 2010-2016 Tormod Volden and Stefan Schmidt
This program is Free Software and has ABSOLUTELY NO WARRANTY
Please report bugs to http://sourceforge.net/p/dfu-util/tickets/

Found DFU: [1d50:6017] ver=0100, devnum=77, cfg=1, intf=0, path="3-4.2", alt=0, name="@Internal Flash   /0x08000000/8*001Ka,120*001Kg", serial="C2C89BDB"

> dfu-util -s 0x08002000:leave -D src/blackmagic.bin (again in device mode)
dfu-util 0.9

Copyright 2005-2009 Weston Schmidt, Harald Welte and OpenMoko Inc.
Copyright 2010-2016 Tormod Volden and Stefan Schmidt
This program is Free Software and has ABSOLUTELY NO WARRANTY
Please report bugs to http://sourceforge.net/p/dfu-util/tickets/

dfu-util: Invalid DFU suffix signature
dfu-util: A valid DFU suffix will be required in a future dfu-util release!!!
Opening DFU capable USB device...
ID 1d50:6017
Run-time device DFU version 011a
Claiming USB DFU Interface...
Setting Alternate Setting #0 ...
Determining device status: state = dfuIDLE, status = 0
dfuIDLE, continuing
DFU mode device DFU version 011a
Device returned transfer size 1024
DfuSe interface name: "Internal Flash   "
Downloading to address = 0x08002000, size = 57496
Download        [=========================] 100%        57496 bytes
Download done.
File downloaded successfully
dfu-util: Error during download get_status

